INFO: [HLS 200-10] Running '/home/simone/Xilinx/Vivado_HLS/2017.1/bin/unwrapped/lnx64.o/vivado_hls'
INFO: [HLS 200-10] For user 'simone' on host 'simone-vivado' (Linux_x86_64 version 4.4.0-210-generic) on Thu Mar 10 22:31:34 +08 2022
INFO: [HLS 200-10] On os Ubuntu 16.04.7 LTS
INFO: [HLS 200-10] In directory '/home/simone/Desktop/cs5222-lab-fpga/zynq/hls/mmult_float'
INFO: [HLS 200-10] Opening project '/home/simone/Desktop/cs5222-lab-fpga/zynq/hls/mmult_float/accel'.
INFO: [HLS 200-10] Adding design file './mmult_float.cpp' to the project
INFO: [HLS 200-10] Adding test bench file 'mmult_test.cpp' to the project
INFO: [HLS 200-10] Opening solution '/home/simone/Desktop/cs5222-lab-fpga/zynq/hls/mmult_float/accel/solution1'.
INFO: [SYN 201-201] Setting up clock 'default' with a period of 10ns.
INFO: [HLS 200-10] Setting target device to 'xc7z020clg484-1'
INFO: [HLS 200-10] Analyzing design file './mmult_float.cpp' ... 
INFO: [HLS 200-10] Validating synthesis directives ...
INFO: [HLS 200-111] Finished Checking Pragmas Time (s): cpu = 00:00:24 ; elapsed = 00:00:21 . Memory (MB): peak = 348.102 ; gain = 12.586 ; free physical = 3074 ; free virtual = 13197
INFO: [HLS 200-111] Finished Linking Time (s): cpu = 00:00:25 ; elapsed = 00:00:21 . Memory (MB): peak = 348.102 ; gain = 12.586 ; free physical = 3069 ; free virtual = 13195
INFO: [HLS 200-10] Starting code transformations ...
INFO: [XFORM 203-603] Inlining function 'pop_stream' into 'mmult_hw' (./mmult_float.cpp:59).
INFO: [XFORM 203-603] Inlining function 'pop_stream' into 'mmult_hw' (./mmult_float.cpp:48).
INFO: [XFORM 203-603] Inlining function 'pop_stream' into 'mmult_hw' (./mmult_float.cpp:39).
INFO: [XFORM 203-603] Inlining function 'push_stream' into 'mmult_hw' (./mmult_float.cpp:84).
INFO: [HLS 200-111] Finished Standard Transforms Time (s): cpu = 00:00:25 ; elapsed = 00:00:22 . Memory (MB): peak = 348.402 ; gain = 12.887 ; free physical = 3058 ; free virtual = 13186
INFO: [HLS 200-10] Checking synthesizability ...
INFO: [HLS 200-111] Finished Checking Synthesizability Time (s): cpu = 00:00:25 ; elapsed = 00:00:22 . Memory (MB): peak = 348.402 ; gain = 12.887 ; free physical = 3055 ; free virtual = 13184
WARNING: [XFORM 203-1103] Ignored data pack directive on non-struct variable 'out_stream.data.V' (./mmult_float.cpp:8).
WARNING: [XFORM 203-1103] Ignored data pack directive on non-struct variable 'in_stream.data.V' (./mmult_float.cpp:8).
INFO: [XFORM 203-502] Unrolling all sub-loops inside loop 'L2' (./mmult_float.cpp:68) in function 'mmult_hw' for pipelining.
INFO: [XFORM 203-502] Unrolling all sub-loops inside loop 'STORE_O_1' (./mmult_float.cpp:79) in function 'mmult_hw' for pipelining.
INFO: [XFORM 203-501] Unrolling loop 'L3' (./mmult_float.cpp:71) in function 'mmult_hw' completely.
INFO: [XFORM 203-501] Unrolling loop 'STORE_O_2' (./mmult_float.cpp:80) in function 'mmult_hw' completely.
INFO: [HLS 200-111] Finished Pre-synthesis Time (s): cpu = 00:00:26 ; elapsed = 00:00:24 . Memory (MB): peak = 476.098 ; gain = 140.582 ; free physical = 3021 ; free virtual = 13153
WARNING: [XFORM 203-542] Cannot flatten a loop nest 'LOAD_W_1' (./mmult_float.cpp:45:42) in function 'mmult_hw' : 
WARNING: [XFORM 203-542] the outer loop is not a perfect loop.
WARNING: [XFORM 203-542] Cannot flatten a loop nest 'LOAD_I_1' (./mmult_float.cpp:56:78) in function 'mmult_hw' : 
WARNING: [XFORM 203-542] the outer loop is not a perfect loop.
INFO: [XFORM 203-541] Flattening a loop nest 'L1' (./mmult_float.cpp:66:72) in function 'mmult_hw'.
INFO: [HLS 200-111] Finished Architecture Synthesis Time (s): cpu = 00:00:29 ; elapsed = 00:00:26 . Memory (MB): peak = 476.098 ; gain = 140.582 ; free physical = 3007 ; free virtual = 13140
INFO: [HLS 200-10] Starting hardware synthesis ...
INFO: [HLS 200-10] Synthesizing 'mmult_hw' ...
INFO: [HLS 200-10] ----------------------------------------------------------------
INFO: [HLS 200-10] -- Implementing module 'mmult_hw' 
INFO: [HLS 200-10] ----------------------------------------------------------------
INFO: [SCHED 204-11] Starting scheduling ...
INFO: [SCHED 204-61] Pipelining loop 'LOAD_OFF_1'.
INFO: [SCHED 204-61] Pipelining result: Target II: 1, Final II: 1, Depth: 2.
INFO: [SCHED 204-61] Pipelining loop 'LOAD_W_2'.
INFO: [SCHED 204-61] Pipelining result: Target II: 1, Final II: 1, Depth: 2.
INFO: [SCHED 204-61] Pipelining loop 'LOAD_I_2'.
INFO: [SCHED 204-61] Pipelining result: Target II: 1, Final II: 1, Depth: 2.
INFO: [SCHED 204-61] Pipelining loop 'L1_L2'.
WARNING: [SCHED 204-69] Unable to schedule 'load' operation ('in_buf_load_2', ./mmult_float.cpp:72) on array 'in_buf', ./mmult_float.cpp:30 due to limited memory ports.
INFO: [SCHED 204-61] Pipelining result: Target II: 1, Final II: 128, Depth: 1287.
INFO: [SCHED 204-61] Pipelining loop 'STORE_O_1'.
WARNING: [SCHED 204-68] Unable to enforce a carried dependence constraint (II = 1, distance = 1, offset = 1)
   between axis write on port 'out_stream_data_V' (./mmult_float.cpp:83) and axis write on port 'out_stream_data_V' (./mmult_float.cpp:83).
WARNING: [SCHED 204-68] Unable to enforce a carried dependence constraint (II = 2, distance = 1, offset = 1)
   between axis write on port 'out_stream_data_V' (./mmult_float.cpp:83) and axis write on port 'out_stream_data_V' (./mmult_float.cpp:83).
WARNING: [SCHED 204-68] Unable to enforce a carried dependence constraint (II = 3, distance = 1, offset = 1)
   between axis write on port 'out_stream_data_V' (./mmult_float.cpp:83) and axis write on port 'out_stream_data_V' (./mmult_float.cpp:83).
WARNING: [SCHED 204-68] Unable to enforce a carried dependence constraint (II = 4, distance = 1, offset = 1)
   between axis write on port 'out_stream_data_V' (./mmult_float.cpp:83) and axis write on port 'out_stream_data_V' (./mmult_float.cpp:83).
INFO: [SCHED 204-61] Pipelining result: Target II: 1, Final II: 5, Depth: 7.
INFO: [SCHED 204-11] Finished scheduling.
INFO: [HLS 200-111]  Elapsed time: 44.92 seconds; current allocated memory: 118.180 MB.
INFO: [BIND 205-100] Starting micro-architecture generation ...
INFO: [BIND 205-101] Performing variable lifetime analysis.
INFO: [BIND 205-101] Exploring resource sharing.
INFO: [BIND 205-101] Binding ...
INFO: [BIND 205-100] Finished micro-architecture generation.
INFO: [HLS 200-111]  Elapsed time: 11.25 seconds; current allocated memory: 147.625 MB.
INFO: [HLS 200-10] ----------------------------------------------------------------
INFO: [HLS 200-10] -- Generating RTL for module 'mmult_hw' 
INFO: [HLS 200-10] ----------------------------------------------------------------
INFO: [RTGEN 206-500] Setting interface mode on port 'mmult_hw/in_stream_data_V' to 'axis' (register, both mode).
INFO: [RTGEN 206-500] Setting interface mode on port 'mmult_hw/in_stream_keep_V' to 'axis' (register, both mode).
INFO: [RTGEN 206-500] Setting interface mode on port 'mmult_hw/in_stream_strb_V' to 'axis' (register, both mode).
INFO: [RTGEN 206-500] Setting interface mode on port 'mmult_hw/in_stream_user_V' to 'axis' (register, both mode).
INFO: [RTGEN 206-500] Setting interface mode on port 'mmult_hw/in_stream_last_V' to 'axis' (register, both mode).
INFO: [RTGEN 206-500] Setting interface mode on port 'mmult_hw/in_stream_id_V' to 'axis' (register, both mode).
INFO: [RTGEN 206-500] Setting interface mode on port 'mmult_hw/in_stream_dest_V' to 'axis' (register, both mode).
INFO: [RTGEN 206-500] Setting interface mode on port 'mmult_hw/out_stream_data_V' to 'axis' (register, both mode).
INFO: [RTGEN 206-500] Setting interface mode on port 'mmult_hw/out_stream_keep_V' to 'axis' (register, both mode).
INFO: [RTGEN 206-500] Setting interface mode on port 'mmult_hw/out_stream_strb_V' to 'axis' (register, both mode).
INFO: [RTGEN 206-500] Setting interface mode on port 'mmult_hw/out_stream_user_V' to 'axis' (register, both mode).
INFO: [RTGEN 206-500] Setting interface mode on port 'mmult_hw/out_stream_last_V' to 'axis' (register, both mode).
INFO: [RTGEN 206-500] Setting interface mode on port 'mmult_hw/out_stream_id_V' to 'axis' (register, both mode).
INFO: [RTGEN 206-500] Setting interface mode on port 'mmult_hw/out_stream_dest_V' to 'axis' (register, both mode).
INFO: [RTGEN 206-500] Setting interface mode on function 'mmult_hw' to 's_axilite & ap_ctrl_hs'.
INFO: [RTGEN 206-100] Bundling port 'return' to AXI-Lite port CONTROL_BUS.
INFO: [SYN 201-210] Renamed object name 'mmult_hw_fadd_32ns_32ns_32_5_full_dsp' to 'mmult_hw_fadd_32nbkb' due to the length limit 20
INFO: [SYN 201-210] Renamed object name 'mmult_hw_fmul_32ns_32ns_32_4_max_dsp' to 'mmult_hw_fmul_32ncud' due to the length limit 20
INFO: [RTGEN 206-104] Estimated max fanout for 'mmult_hw' is 16272 from HDL expression: ((1'b1 == ap_CS_fsm_pp3_stage0) & (ap_block_pp3_stage0_flag00011001 == 1'b0) & (1'd0 == exitcond_flatten_fu_8720_p2))
INFO: [RTGEN 206-100] Generating core module 'mmult_hw_fadd_32nbkb': 2 instance(s).
INFO: [RTGEN 206-100] Generating core module 'mmult_hw_fmul_32ncud': 2 instance(s).
INFO: [RTGEN 206-100] Finished creating RTL model for 'mmult_hw'.
INFO: [HLS 200-111]  Elapsed time: 3.46 seconds; current allocated memory: 174.833 MB.
INFO: [RTMG 210-278] Implementing memory 'mmult_hw_offset_buf_ram' using block RAMs.
INFO: [RTMG 210-278] Implementing memory 'mmult_hw_weight_buf_ram' using block RAMs.
INFO: [RTMG 210-278] Implementing memory 'mmult_hw_in_buf_ram' using block RAMs.
INFO: [RTMG 210-278] Implementing memory 'mmult_hw_out_buf_ram' using block RAMs.
INFO: [HLS 200-111] Finished generating all RTL models Time (s): cpu = 00:01:02 ; elapsed = 00:01:08 . Memory (MB): peak = 625.758 ; gain = 290.242 ; free physical = 2803 ; free virtual = 12998
INFO: [SYSC 207-301] Generating SystemC RTL for mmult_hw.
INFO: [VHDL 208-304] Generating VHDL RTL for mmult_hw.
INFO: [VLOG 209-307] Generating Verilog RTL for mmult_hw.
INFO: [HLS 200-112] Total elapsed time: 68.89 seconds; peak allocated memory: 174.833 MB.
