

================================================================
== Vivado HLS Report for 'mmult_hw'
================================================================
* Date:           Fri Mar 11 01:00:54 2022

* Version:        2017.1 (Build 1846317 on Fri Apr 14 19:19:38 MDT 2017)
* Project:        accel
* Solution:       solution0
* Product family: zynq
* Target device:  xc7z020clg484-1


================================================================
== Performance Estimates
================================================================
+ Timing (ns): 
    * Summary: 
    +--------+-------+----------+------------+
    |  Clock | Target| Estimated| Uncertainty|
    +--------+-------+----------+------------+
    |ap_clk  |  10.00|      7.26|        1.25|
    +--------+-------+----------+------------+

+ Latency (clock cycles): 
    * Summary: 
    +----------+----------+----------+----------+---------+
    |       Latency       |       Interval      | Pipeline|
    |    min   |    max   |    min   |    max   |   Type  |
    +----------+----------+----------+----------+---------+
    |  58303073|  58303073|  58303074|  58303074|   none  |
    +----------+----------+----------+----------+---------+

    + Detail: 
        * Instance: 
        N/A

        * Loop: 
        +----------------+----------+----------+----------+-----------+-----------+------+----------+
        |                |       Latency       | Iteration|  Initiation Interval  | Trip |          |
        |    Loop Name   |    min   |    max   |  Latency |  achieved |   target  | Count| Pipelined|
        +----------------+----------+----------+----------+-----------+-----------+------+----------+
        |- LOAD_OFF_1    |        10|        10|         2|          -|          -|     5|    no    |
        |- LOAD_W_1      |      2580|      2580|       258|          -|          -|    10|    no    |
        | + LOAD_W_2     |       256|       256|         2|          -|          -|   128|    no    |
        |- LT            |  58300480|  58300480|   3643780|          -|          -|    16|    no    |
        | + LOAD_I_1     |     33024|     33024|       258|          -|          -|   128|    no    |
        |  ++ LOAD_I_2   |       256|       256|         2|          -|          -|   128|    no    |
        | + L1           |   3608576|   3608576|     28192|          -|          -|   128|    no    |
        |  ++ L2         |     28190|     28190|      2819|          -|          -|    10|    no    |
        |   +++ L3       |      2816|      2816|        11|          -|          -|   256|    no    |
        | + STORE_O_1    |      2176|      2176|        17|          -|          -|   128|    no    |
        |  ++ STORE_O_2  |        15|        15|         3|          -|          -|     5|    no    |
        +----------------+----------+----------+----------+-----------+-----------+------+----------+



================================================================
== Utilization Estimates
================================================================
* Summary: 
+-----------------+---------+-------+--------+-------+
|       Name      | BRAM_18K| DSP48E|   FF   |  LUT  |
+-----------------+---------+-------+--------+-------+
|DSP              |        -|      -|       -|      -|
|Expression       |        -|      -|       0|    688|
|FIFO             |        -|      -|       -|      -|
|Instance         |        0|      5|     384|    751|
|Memory           |       78|      -|       0|      0|
|Multiplexer      |        -|      -|       -|    580|
|Register         |        -|      -|     962|      -|
+-----------------+---------+-------+--------+-------+
|Total            |       78|      5|    1346|   2019|
+-----------------+---------+-------+--------+-------+
|Available        |      280|    220|  106400|  53200|
+-----------------+---------+-------+--------+-------+
|Utilization (%)  |       27|      2|       1|      3|
+-----------------+---------+-------+--------+-------+

+ Detail: 
    * Instance: 
    +------------------------------+----------------------------+---------+-------+-----+-----+
    |           Instance           |           Module           | BRAM_18K| DSP48E|  FF | LUT |
    +------------------------------+----------------------------+---------+-------+-----+-----+
    |mmult_hw_CONTROL_BUS_s_axi_U  |mmult_hw_CONTROL_BUS_s_axi  |        0|      0|   36|   40|
    |mmult_hw_fadd_32nbkb_U1       |mmult_hw_fadd_32nbkb        |        0|      2|  205|  390|
    |mmult_hw_fmul_32ncud_U2       |mmult_hw_fmul_32ncud        |        0|      3|  143|  321|
    +------------------------------+----------------------------+---------+-------+-----+-----+
    |Total                         |                            |        0|      5|  384|  751|
    +------------------------------+----------------------------+---------+-------+-----+-----+

    * DSP48: 
    N/A

    * Memory: 
    +--------------+---------------------+---------+---+----+-------+-----+------+-------------+
    |    Memory    |        Module       | BRAM_18K| FF| LUT| Words | Bits| Banks| W*Bits*Banks|
    +--------------+---------------------+---------+---+----+-------+-----+------+-------------+
    |in_buf_U      |mmult_hw_in_buf      |       64|  0|   0|  32768|   32|     1|      1048576|
    |offset_buf_U  |mmult_hw_offset_buf  |        2|  0|   0|     10|   32|     1|          320|
    |out_buf_U     |mmult_hw_out_buf     |        4|  0|   0|   1280|   32|     1|        40960|
    |weight_buf_U  |mmult_hw_weight_buf  |        8|  0|   0|   2560|   32|     1|        81920|
    +--------------+---------------------+---------+---+----+-------+-----+------+-------------+
    |Total         |                     |       78|  0|   0|  36618|  128|     4|      1171776|
    +--------------+---------------------+---------+---+----+-------+-----+------+-------------+

    * FIFO: 
    N/A

    * Expression: 
    +------------------------------------+----------+-------+---+----+------------+------------+
    |            Variable Name           | Operation| DSP48E| FF| LUT| Bitwidth P0| Bitwidth P1|
    +------------------------------------+----------+-------+---+----+------------+------------+
    |i_1_fu_680_p2                       |     +    |      0|  0|  13|           2|           4|
    |i_2_fu_692_p2                       |     +    |      0|  0|  13|           4|           1|
    |i_3_fu_815_p2                       |     +    |      0|  0|  15|           8|           1|
    |i_4_fu_905_p2                       |     +    |      0|  0|  15|           8|           1|
    |i_5_fu_1054_p2                      |     +    |      0|  0|  15|           8|           1|
    |indvars_iv_next1_fu_747_p2          |     +    |      0|  0|  18|          11|           8|
    |indvars_iv_next_fu_1160_p2          |     +    |      0|  0|  21|          14|           3|
    |is_idx_4_fu_797_p2                  |     +    |      0|  0|  26|          19|          15|
    |is_idx_6_fu_803_p2                  |     +    |      0|  0|  26|          19|           8|
    |is_idx_7_fu_838_p2                  |     +    |      0|  0|  26|           1|          19|
    |j_1_fu_741_p2                       |     +    |      0|  0|  16|           2|           9|
    |j_2_fu_857_p2                       |     +    |      0|  0|  16|           2|           9|
    |j_3_fu_1154_p2                      |     +    |      0|  0|  13|           4|           2|
    |j_4_fu_971_p2                       |     +    |      0|  0|  13|           4|           1|
    |k_1_fu_1014_p2                      |     +    |      0|  0|  16|           9|           1|
    |os_idx_3_fu_959_p2                  |     +    |      0|  0|  21|          14|          10|
    |t_1_fu_1096_p2                      |     +    |      0|  0|  19|          12|           8|
    |tmp_11_fu_722_p2                    |     +    |      0|  0|  18|           1|          11|
    |tmp_14_fu_732_p2                    |     +    |      0|  0|  20|          13|          13|
    |tmp_29_fu_1060_p2                   |     +    |      0|  0|  21|          14|           3|
    |tmp_2_fu_644_p2                     |     +    |      0|  0|  12|           3|           1|
    |tmp_34_fu_947_p2                    |     +    |      0|  0|  19|          12|          12|
    |tmp_40_fu_1142_p2                   |     +    |      0|  0|  21|          14|           1|
    |tmp_41_fu_848_p2                    |     +    |      0|  0|  24|          17|          17|
    |tmp_49_fu_1090_p2                   |     +    |      0|  0|  19|          12|          12|
    |tmp_51_fu_986_p2                    |     +    |      0|  0|  19|          12|          12|
    |tmp_52_fu_1112_p2                   |     +    |      0|  0|  19|          12|          12|
    |tmp_53_fu_1132_p2                   |     +    |      0|  0|  19|          12|          12|
    |tmp_54_fu_1028_p2                   |     +    |      0|  0|  20|          13|          13|
    |tmp_55_fu_1038_p2                   |     +    |      0|  0|  24|          17|          17|
    |tmp_s_fu_698_p2                     |     +    |      0|  0|  18|          11|           8|
    |in_stream_data_V_0_load_A           |    and   |      0|  0|   2|           1|           1|
    |in_stream_data_V_0_load_B           |    and   |      0|  0|   2|           1|           1|
    |out_stream_data_V_1_load_A          |    and   |      0|  0|   2|           1|           1|
    |out_stream_data_V_1_load_B          |    and   |      0|  0|   2|           1|           1|
    |out_stream_last_V_1_load_A          |    and   |      0|  0|   2|           1|           1|
    |out_stream_last_V_1_load_B          |    and   |      0|  0|   2|           1|           1|
    |exitcond1_fu_1048_p2                |   icmp   |      0|  0|   5|           8|           9|
    |exitcond2_fu_1008_p2                |   icmp   |      0|  0|   5|           9|          10|
    |exitcond3_fu_965_p2                 |   icmp   |      0|  0|   2|           4|           4|
    |exitcond4_fu_899_p2                 |   icmp   |      0|  0|   5|           8|           9|
    |exitcond5_fu_638_p2                 |   icmp   |      0|  0|   1|           3|           3|
    |exitcond6_fu_686_p2                 |   icmp   |      0|  0|   2|           4|           4|
    |exitcond7_fu_833_p2                 |   icmp   |      0|  0|  13|          19|          19|
    |exitcond8_fu_809_p2                 |   icmp   |      0|  0|   5|           8|           9|
    |exitcond9_fu_716_p2                 |   icmp   |      0|  0|   6|          11|          11|
    |exitcond_fu_1102_p2                 |   icmp   |      0|  0|   7|          14|          14|
    |in_stream_data_V_0_state_cmp_full   |   icmp   |      0|  0|   1|           2|           1|
    |last_assign_fu_1148_p2              |   icmp   |      0|  0|   7|          14|          14|
    |out_stream_data_V_1_state_cmp_full  |   icmp   |      0|  0|   1|           2|           1|
    |out_stream_last_V_1_state_cmp_full  |   icmp   |      0|  0|   1|           2|           1|
    |ap_block_state7                     |    or    |      0|  0|   2|           1|           1|
    |tmp_17_fu_771_p2                    |    or    |      0|  0|   8|           8|           1|
    |tmp_20_fu_953_p2                    |    or    |      0|  0|  14|          14|           3|
    |tmp_27_fu_881_p2                    |    or    |      0|  0|   8|           8|           1|
    |tmp_35_fu_1122_p2                   |    or    |      0|  0|   4|           4|           1|
    |tmp_8_fu_669_p2                     |    or    |      0|  0|   4|           4|           1|
    +------------------------------------+----------+-------+---+----+------------+------------+
    |Total                               |          |      0|  0| 688|         457|         368|
    +------------------------------------+----------+-------+---+----+------------+------------+

    * Multiplexer: 
    +------------------------------+-----+-----------+-----+-----------+
    |             Name             | LUT | Input Size| Bits| Total Bits|
    +------------------------------+-----+-----------+-----+-----------+
    |ap_NS_fsm                     |  133|         29|    1|         29|
    |i1_reg_392                    |    9|          2|    4|          8|
    |i2_reg_484                    |    9|          2|    8|         16|
    |i4_reg_517                    |    9|          2|    8|         16|
    |i6_reg_583                    |    9|          2|    8|         16|
    |i_reg_357                     |    9|          2|    4|          8|
    |in_buf_address0               |   15|          3|   15|         45|
    |in_stream_TDATA_blk_n         |    9|          2|    1|          2|
    |in_stream_data_V_0_data_out   |    9|          2|   64|        128|
    |in_stream_data_V_0_state      |   15|          3|    2|          6|
    |in_stream_dest_V_0_state      |   15|          3|    2|          6|
    |indvars_iv1_reg_380           |    9|          2|   11|         22|
    |indvars_iv5_in_reg_473        |    9|          2|   19|         38|
    |indvars_iv_reg_562            |    9|          2|   14|         28|
    |is_idx_1_reg_404              |    9|          2|   11|         22|
    |is_idx_2_reg_427              |    9|          2|   11|         22|
    |is_idx_3_reg_461              |    9|          2|   19|         38|
    |is_idx_5_reg_507              |    9|          2|   19|         38|
    |is_idx_reg_369                |    9|          2|    3|          6|
    |j3_reg_496                    |    9|          2|    9|         18|
    |j5_reg_528                    |    9|          2|    4|          8|
    |j7_reg_604                    |    9|          2|    4|          8|
    |j_reg_416                     |    9|          2|    9|         18|
    |k_reg_540                     |    9|          2|    9|         18|
    |offset_buf_address0           |   15|          3|    4|         12|
    |os_idx_1_reg_572              |    9|          2|   14|         28|
    |os_idx_2_reg_594              |    9|          2|   14|         28|
    |os_idx_reg_449                |    9|          2|   14|         28|
    |out_buf_address0              |   15|          3|   11|         33|
    |out_stream_TDATA_blk_n        |    9|          2|    1|          2|
    |out_stream_data_V_1_data_out  |    9|          2|   64|        128|
    |out_stream_data_V_1_state     |   15|          3|    2|          6|
    |out_stream_dest_V_1_state     |   15|          3|    2|          6|
    |out_stream_id_V_1_state       |   15|          3|    2|          6|
    |out_stream_keep_V_1_state     |   15|          3|    2|          6|
    |out_stream_last_V_1_data_out  |    9|          2|    1|          2|
    |out_stream_last_V_1_state     |   15|          3|    2|          6|
    |out_stream_strb_V_1_state     |   15|          3|    2|          6|
    |out_stream_user_V_1_state     |   15|          3|    2|          6|
    |t_reg_437                     |    9|          2|   12|         24|
    |tmp1_reg_551                  |    9|          2|   32|         64|
    |weight_buf_address0           |   15|          3|   12|         36|
    +------------------------------+-----+-----------+-----+-----------+
    |Total                         |  580|        124|  452|        991|
    +------------------------------+-----+-----------+-----+-----------+

    * Register: 
    +-------------------------------+----+----+-----+-----------+
    |              Name             | FF | LUT| Bits| Const Bits|
    +-------------------------------+----+----+-----+-----------+
    |ap_CS_fsm                      |  28|   0|   28|          0|
    |i1_reg_392                     |   4|   0|    4|          0|
    |i2_reg_484                     |   8|   0|    8|          0|
    |i4_reg_517                     |   8|   0|    8|          0|
    |i6_reg_583                     |   8|   0|    8|          0|
    |i_2_reg_1199                   |   4|   0|    4|          0|
    |i_3_reg_1259                   |   8|   0|    8|          0|
    |i_4_reg_1295                   |   8|   0|    8|          0|
    |i_5_reg_1389                   |   8|   0|    8|          0|
    |i_reg_357                      |   4|   0|    4|          0|
    |in_buf_load_reg_1366           |  32|   0|   32|          0|
    |in_stream_data_V_0_payload_A   |  64|   0|   64|          0|
    |in_stream_data_V_0_payload_B   |  64|   0|   64|          0|
    |in_stream_data_V_0_sel_rd      |   1|   0|    1|          0|
    |in_stream_data_V_0_sel_wr      |   1|   0|    1|          0|
    |in_stream_data_V_0_state       |   2|   0|    2|          0|
    |in_stream_dest_V_0_state       |   2|   0|    2|          0|
    |indvars_iv1_reg_380            |  11|   0|   11|          0|
    |indvars_iv5_in_reg_473         |  19|   0|   19|          0|
    |indvars_iv_reg_562             |  14|   0|   14|          0|
    |is_idx_1_reg_404               |  11|   0|   11|          0|
    |is_idx_2_reg_427               |  11|   0|   11|          0|
    |is_idx_3_reg_461               |  19|   0|   19|          0|
    |is_idx_4_reg_1245              |  19|   0|   19|          0|
    |is_idx_5_reg_507               |  19|   0|   19|          0|
    |is_idx_6_reg_1250              |  19|   0|   19|          0|
    |is_idx_7_reg_1272              |  19|   0|   19|          0|
    |is_idx_reg_369                 |   3|   0|    3|          0|
    |j3_reg_496                     |   9|   0|    9|          0|
    |j5_reg_528                     |   4|   0|    4|          0|
    |j7_reg_604                     |   4|   0|    4|          0|
    |j_1_reg_1232                   |   9|   0|    9|          0|
    |j_2_reg_1287                   |   9|   0|    9|          0|
    |j_3_reg_1433                   |   4|   0|    4|          0|
    |j_4_reg_1323                   |   4|   0|    4|          0|
    |j_reg_416                      |   9|   0|    9|          0|
    |k_1_reg_1351                   |   9|   0|    9|          0|
    |k_reg_540                      |   9|   0|    9|          0|
    |last_assign_reg_1428           |   1|   0|    1|          0|
    |os_idx_1_reg_572               |  14|   0|   14|          0|
    |os_idx_2_reg_594               |  14|   0|   14|          0|
    |os_idx_3_reg_1315              |  14|   0|   14|          0|
    |os_idx_reg_449                 |  14|   0|   14|          0|
    |out_buf_addr_2_reg_1328        |  11|   0|   11|          0|
    |out_stream_data_V_1_payload_A  |  64|   0|   64|          0|
    |out_stream_data_V_1_payload_B  |  64|   0|   64|          0|
    |out_stream_data_V_1_sel_rd     |   1|   0|    1|          0|
    |out_stream_data_V_1_sel_wr     |   1|   0|    1|          0|
    |out_stream_data_V_1_state      |   2|   0|    2|          0|
    |out_stream_dest_V_1_sel_rd     |   1|   0|    1|          0|
    |out_stream_dest_V_1_state      |   2|   0|    2|          0|
    |out_stream_id_V_1_sel_rd       |   1|   0|    1|          0|
    |out_stream_id_V_1_state        |   2|   0|    2|          0|
    |out_stream_keep_V_1_sel_rd     |   1|   0|    1|          0|
    |out_stream_keep_V_1_state      |   2|   0|    2|          0|
    |out_stream_last_V_1_payload_A  |   1|   0|    1|          0|
    |out_stream_last_V_1_payload_B  |   1|   0|    1|          0|
    |out_stream_last_V_1_sel_rd     |   1|   0|    1|          0|
    |out_stream_last_V_1_sel_wr     |   1|   0|    1|          0|
    |out_stream_last_V_1_state      |   2|   0|    2|          0|
    |out_stream_strb_V_1_sel_rd     |   1|   0|    1|          0|
    |out_stream_strb_V_1_state      |   2|   0|    2|          0|
    |out_stream_user_V_1_sel_rd     |   1|   0|    1|          0|
    |out_stream_user_V_1_state      |   2|   0|    2|          0|
    |t_reg_437                      |  12|   0|   12|          0|
    |tmp1_reg_551                   |  32|   0|   32|          0|
    |tmp_11_reg_1217                |  11|   0|   11|          0|
    |tmp_14_reg_1222                |  13|   0|   13|          0|
    |tmp_23_reg_1227                |   8|   0|    8|          0|
    |tmp_24_cast_reg_1264           |   8|   0|   17|          9|
    |tmp_29_reg_1394                |  14|   0|   14|          0|
    |tmp_2_reg_1186                 |   3|   0|    3|          0|
    |tmp_34_cast_reg_1300           |   8|   0|   17|          9|
    |tmp_34_reg_1305                |  11|   0|   12|          1|
    |tmp_40_reg_1423                |  14|   0|   14|          0|
    |tmp_41_reg_1277                |  17|   0|   17|          0|
    |tmp_42_reg_1376                |  32|   0|   32|          0|
    |tmp_44_reg_1282                |   8|   0|    8|          0|
    |tmp_49_reg_1399                |  11|   0|   12|          1|
    |tmp_54_cast_reg_1338           |   4|   0|   13|          9|
    |tmp_5_cast_reg_1209            |   4|   0|   13|          9|
    |tmp_s_reg_1204                 |  11|   0|   11|          0|
    |weight_buf_load_reg_1371       |  32|   0|   32|          0|
    +-------------------------------+----+----+-----+-----------+
    |Total                          | 962|   0| 1000|         38|
    +-------------------------------+----+----+-----+-----------+



================================================================
== Interface
================================================================
* Summary: 
+---------------------------+-----+-----+------------+-------------------+--------------+
|         RTL Ports         | Dir | Bits|  Protocol  |   Source Object   |    C Type    |
+---------------------------+-----+-----+------------+-------------------+--------------+
|s_axi_CONTROL_BUS_AWVALID  |  in |    1|    s_axi   |    CONTROL_BUS    |  return void |
|s_axi_CONTROL_BUS_AWREADY  | out |    1|    s_axi   |    CONTROL_BUS    |  return void |
|s_axi_CONTROL_BUS_AWADDR   |  in |    4|    s_axi   |    CONTROL_BUS    |  return void |
|s_axi_CONTROL_BUS_WVALID   |  in |    1|    s_axi   |    CONTROL_BUS    |  return void |
|s_axi_CONTROL_BUS_WREADY   | out |    1|    s_axi   |    CONTROL_BUS    |  return void |
|s_axi_CONTROL_BUS_WDATA    |  in |   32|    s_axi   |    CONTROL_BUS    |  return void |
|s_axi_CONTROL_BUS_WSTRB    |  in |    4|    s_axi   |    CONTROL_BUS    |  return void |
|s_axi_CONTROL_BUS_ARVALID  |  in |    1|    s_axi   |    CONTROL_BUS    |  return void |
|s_axi_CONTROL_BUS_ARREADY  | out |    1|    s_axi   |    CONTROL_BUS    |  return void |
|s_axi_CONTROL_BUS_ARADDR   |  in |    4|    s_axi   |    CONTROL_BUS    |  return void |
|s_axi_CONTROL_BUS_RVALID   | out |    1|    s_axi   |    CONTROL_BUS    |  return void |
|s_axi_CONTROL_BUS_RREADY   |  in |    1|    s_axi   |    CONTROL_BUS    |  return void |
|s_axi_CONTROL_BUS_RDATA    | out |   32|    s_axi   |    CONTROL_BUS    |  return void |
|s_axi_CONTROL_BUS_RRESP    | out |    2|    s_axi   |    CONTROL_BUS    |  return void |
|s_axi_CONTROL_BUS_BVALID   | out |    1|    s_axi   |    CONTROL_BUS    |  return void |
|s_axi_CONTROL_BUS_BREADY   |  in |    1|    s_axi   |    CONTROL_BUS    |  return void |
|s_axi_CONTROL_BUS_BRESP    | out |    2|    s_axi   |    CONTROL_BUS    |  return void |
|ap_clk                     |  in |    1| ap_ctrl_hs |      mmult_hw     | return value |
|ap_rst_n                   |  in |    1| ap_ctrl_hs |      mmult_hw     | return value |
|interrupt                  | out |    1| ap_ctrl_hs |      mmult_hw     | return value |
|in_stream_TDATA            |  in |   64|    axis    |  in_stream_data_V |    pointer   |
|in_stream_TVALID           |  in |    1|    axis    |  in_stream_dest_V |    pointer   |
|in_stream_TREADY           | out |    1|    axis    |  in_stream_dest_V |    pointer   |
|in_stream_TDEST            |  in |    5|    axis    |  in_stream_dest_V |    pointer   |
|in_stream_TKEEP            |  in |    8|    axis    |  in_stream_keep_V |    pointer   |
|in_stream_TSTRB            |  in |    8|    axis    |  in_stream_strb_V |    pointer   |
|in_stream_TUSER            |  in |    4|    axis    |  in_stream_user_V |    pointer   |
|in_stream_TLAST            |  in |    1|    axis    |  in_stream_last_V |    pointer   |
|in_stream_TID              |  in |    5|    axis    |   in_stream_id_V  |    pointer   |
|out_stream_TDATA           | out |   64|    axis    | out_stream_data_V |    pointer   |
|out_stream_TVALID          | out |    1|    axis    | out_stream_dest_V |    pointer   |
|out_stream_TREADY          |  in |    1|    axis    | out_stream_dest_V |    pointer   |
|out_stream_TDEST           | out |    5|    axis    | out_stream_dest_V |    pointer   |
|out_stream_TKEEP           | out |    8|    axis    | out_stream_keep_V |    pointer   |
|out_stream_TSTRB           | out |    8|    axis    | out_stream_strb_V |    pointer   |
|out_stream_TUSER           | out |    4|    axis    | out_stream_user_V |    pointer   |
|out_stream_TLAST           | out |    1|    axis    | out_stream_last_V |    pointer   |
|out_stream_TID             | out |    5|    axis    |  out_stream_id_V  |    pointer   |
+---------------------------+-----+-----+------------+-------------------+--------------+

